0 info it worked if it ends with ok
1 verbose cli [ '/usr/local/bin/node', '/usr/local/bin/npm', 'publish' ]
2 info using npm@3.10.10
3 info using node@v6.10.3
4 verbose publish [ '.' ]
5 silly cache add args [ '.', null ]
6 verbose cache add spec .
7 silly cache add parsed spec Result {
7 silly cache add   raw: '.',
7 silly cache add   scope: null,
7 silly cache add   escapedName: null,
7 silly cache add   name: null,
7 silly cache add   rawSpec: '.',
7 silly cache add   spec: '/Users/maximo/repositories/react-node',
7 silly cache add   type: 'directory' }
8 verbose addLocalDirectory /Users/maximo/.npm/react-node/0.0.1/package.tgz not in flight; packing
9 verbose correctMkdir /Users/maximo/.npm correctMkdir not in flight; initializing
10 info lifecycle react-node@0.0.1~prepublish: react-node@0.0.1
11 silly lifecycle react-node@0.0.1~prepublish: no script for prepublish, continuing
12 verbose tar pack [ '/Users/maximo/.npm/react-node/0.0.1/package.tgz',
12 verbose tar pack   '/Users/maximo/repositories/react-node' ]
13 verbose tarball /Users/maximo/.npm/react-node/0.0.1/package.tgz
14 verbose folder /Users/maximo/repositories/react-node
15 verbose addLocalTarball adding from inside cache /Users/maximo/.npm/react-node/0.0.1/package.tgz
16 verbose correctMkdir /Users/maximo/.npm correctMkdir not in flight; initializing
17 silly cache afterAdd react-node@0.0.1
18 verbose afterAdd /Users/maximo/.npm/react-node/0.0.1/package/package.json not in flight; writing
19 verbose correctMkdir /Users/maximo/.npm correctMkdir not in flight; initializing
20 verbose afterAdd /Users/maximo/.npm/react-node/0.0.1/package/package.json written
21 silly publish { name: 'react-node',
21 silly publish   version: '0.0.1',
21 silly publish   description: 'A component to use in the react-tree module',
21 silly publish   main: 'build/index.js',
21 silly publish   peerDependencies: { react: '^15.5.4' },
21 silly publish   dependencies: { react: '^15.5.4', webpack: '^2.6.1' },
21 silly publish   scripts:
21 silly publish    { test: 'echo "Error: no test specified" && exit 1',
21 silly publish      start: 'webpack --watch',
21 silly publish      build: 'webpack' },
21 silly publish   author: { name: 'maximobelen' },
21 silly publish   license: 'MIT',
21 silly publish   devDependencies:
21 silly publish    { 'babel-cli': '^6.24.1',
21 silly publish      'babel-core': '^6.24.1',
21 silly publish      'babel-loader': '^7.0.0',
21 silly publish      'babel-plugin-transform-object-rest-spread': '^6.23.0',
21 silly publish      'babel-plugin-transform-react-jsx': '^6.24.1',
21 silly publish      'babel-preset-env': '^1.5.1' },
21 silly publish   readme: 'ERROR: No README data found!',
21 silly publish   _id: 'react-node@0.0.1',
21 silly publish   _shasum: 'b9e9107fae9642b24a171a678835494e7b8a4164',
21 silly publish   _from: '.' }
22 verbose getPublishConfig undefined
23 silly mapToRegistry name react-node
24 silly mapToRegistry using default registry
25 silly mapToRegistry registry https://registry.npmjs.org/
26 silly mapToRegistry data Result {
26 silly mapToRegistry   raw: 'react-node',
26 silly mapToRegistry   scope: null,
26 silly mapToRegistry   escapedName: 'react-node',
26 silly mapToRegistry   name: 'react-node',
26 silly mapToRegistry   rawSpec: '',
26 silly mapToRegistry   spec: 'latest',
26 silly mapToRegistry   type: 'tag' }
27 silly mapToRegistry uri https://registry.npmjs.org/react-node
28 verbose publish registryBase https://registry.npmjs.org/
29 silly publish uploading /Users/maximo/.npm/react-node/0.0.1/package.tgz
30 verbose request uri https://registry.npmjs.org/react-node
31 verbose request sending authorization for write operation
32 info attempt registry request try #1 at 8:22:20 PM
33 verbose request using bearer token for auth
34 verbose request id 0355697a47a3e691
35 http request PUT https://registry.npmjs.org/react-node
36 http 403 https://registry.npmjs.org/react-node
37 verbose headers { 'content-type': 'application/json',
37 verbose headers   'cache-control': 'max-age=300',
37 verbose headers   'content-length': '104',
37 verbose headers   'accept-ranges': 'bytes',
37 verbose headers   date: 'Thu, 02 Nov 2017 23:22:22 GMT',
37 verbose headers   via: '1.1 varnish',
37 verbose headers   connection: 'keep-alive',
37 verbose headers   'x-served-by': 'cache-hhn1529-HHN',
37 verbose headers   'x-cache': 'MISS',
37 verbose headers   'x-cache-hits': '0',
37 verbose headers   'x-timer': 'S1509664942.034048,VS0,VE704',
37 verbose headers   vary: 'Accept-Encoding, Accept' }
38 verbose request invalidating /Users/maximo/.npm/registry.npmjs.org/react-node on PUT
39 error publish Failed PUT 403
40 verbose stack Error: You do not have permission to publish "react-node". Are you logged in as the correct user? : react-node
40 verbose stack     at makeError (/usr/local/lib/node_modules/npm/node_modules/npm-registry-client/lib/request.js:302:12)
40 verbose stack     at CachingRegistryClient.<anonymous> (/usr/local/lib/node_modules/npm/node_modules/npm-registry-client/lib/request.js:290:14)
40 verbose stack     at Request._callback (/usr/local/lib/node_modules/npm/node_modules/npm-registry-client/lib/request.js:210:14)
40 verbose stack     at Request.self.callback (/usr/local/lib/node_modules/npm/node_modules/request/request.js:187:22)
40 verbose stack     at emitTwo (events.js:106:13)
40 verbose stack     at Request.emit (events.js:191:7)
40 verbose stack     at Request.<anonymous> (/usr/local/lib/node_modules/npm/node_modules/request/request.js:1048:10)
40 verbose stack     at emitOne (events.js:96:13)
40 verbose stack     at Request.emit (events.js:188:7)
40 verbose stack     at IncomingMessage.<anonymous> (/usr/local/lib/node_modules/npm/node_modules/request/request.js:969:12)
41 verbose statusCode 403
42 verbose pkgid react-node
43 verbose cwd /Users/maximo/repositories/react-node
44 error Darwin 16.7.0
45 error argv "/usr/local/bin/node" "/usr/local/bin/npm" "publish"
46 error node v6.10.3
47 error npm  v3.10.10
48 error code E403
49 error You do not have permission to publish "react-node". Are you logged in as the correct user? : react-node
50 error If you need help, you may report this error at:
50 error     <https://github.com/npm/npm/issues>
51 verbose exit [ 1, true ]
